2021-04-14 18:30:34,217  INFO [main] TestBase:24 - **** started TC_003 create Employees*****
2021-04-14 18:30:35,656 DEBUG [main] BasicClientConnectionManager:161 - Get connection for route {}->http://dummy.restapiexample.com:80
2021-04-14 18:30:35,668 DEBUG [main] DefaultClientConnectionOperator:177 - Connecting to dummy.restapiexample.com:80
2021-04-14 18:30:35,729 DEBUG [main] RequestAddCookies:123 - CookieSpec selected: ignoreCookies
2021-04-14 18:30:35,732 DEBUG [main] RequestAuthCache:77 - Auth cache not set in the context
2021-04-14 18:30:35,733 DEBUG [main] RequestTargetAuthentication:80 - Target auth state: UNCHALLENGED
2021-04-14 18:30:35,735 DEBUG [main] RequestProxyAuthentication:89 - Proxy auth state: UNCHALLENGED
2021-04-14 18:30:35,736 DEBUG [main] DefaultHttpClient:682 - Attempt 1 to execute request
2021-04-14 18:30:35,737 DEBUG [main] DefaultClientConnection:274 - Sending request: POST /api/v1/create HTTP/1.1
2021-04-14 18:30:35,739 DEBUG [main] wire:73 -  >> "POST /api/v1/create HTTP/1.1[\r][\n]"
2021-04-14 18:30:35,742 DEBUG [main] wire:73 -  >> "Accept: */*[\r][\n]"
2021-04-14 18:30:35,743 DEBUG [main] wire:73 -  >> "Content-Type: application/json; charset=UTF-8[\r][\n]"
2021-04-14 18:30:35,744 DEBUG [main] wire:73 -  >> "Content-Length: 44[\r][\n]"
2021-04-14 18:30:35,745 DEBUG [main] wire:73 -  >> "Host: dummy.restapiexample.com[\r][\n]"
2021-04-14 18:30:35,746 DEBUG [main] wire:73 -  >> "Connection: Keep-Alive[\r][\n]"
2021-04-14 18:30:35,747 DEBUG [main] wire:73 -  >> "User-Agent: Apache-HttpClient/4.5.3 (Java/15.0.2)[\r][\n]"
2021-04-14 18:30:35,750 DEBUG [main] wire:73 -  >> "Accept-Encoding: gzip,deflate[\r][\n]"
2021-04-14 18:30:35,751 DEBUG [main] wire:73 -  >> "[\r][\n]"
2021-04-14 18:30:35,752 DEBUG [main] headers:278 - >> POST /api/v1/create HTTP/1.1
2021-04-14 18:30:35,752 DEBUG [main] headers:281 - >> Accept: */*
2021-04-14 18:30:35,754 DEBUG [main] headers:281 - >> Content-Type: application/json; charset=UTF-8
2021-04-14 18:30:35,755 DEBUG [main] headers:281 - >> Content-Length: 44
2021-04-14 18:30:35,756 DEBUG [main] headers:281 - >> Host: dummy.restapiexample.com
2021-04-14 18:30:35,757 DEBUG [main] headers:281 - >> Connection: Keep-Alive
2021-04-14 18:30:35,758 DEBUG [main] headers:281 - >> User-Agent: Apache-HttpClient/4.5.3 (Java/15.0.2)
2021-04-14 18:30:35,759 DEBUG [main] headers:281 - >> Accept-Encoding: gzip,deflate
2021-04-14 18:30:35,761 DEBUG [main] wire:87 -  >> "{"name":"johnP","salary":"70468","age":"42"}"
2021-04-14 18:30:36,715 DEBUG [main] wire:73 -  << "HTTP/1.1 429 Too Many Requests[\r][\n]"
2021-04-14 18:30:36,717 DEBUG [main] wire:73 -  << "Content-Encoding: gzip[\r][\n]"
2021-04-14 18:30:36,718 DEBUG [main] wire:73 -  << "Content-Type: text/html; charset=UTF-8[\r][\n]"
2021-04-14 18:30:36,718 DEBUG [main] wire:73 -  << "Date: Wed, 14 Apr 2021 13:00:39 GMT[\r][\n]"
2021-04-14 18:30:36,718 DEBUG [main] wire:73 -  << "Display: staticcontent_sol[\r][\n]"
2021-04-14 18:30:36,719 DEBUG [main] wire:73 -  << "Expires: Tue, 13 Apr 2021 13:00:39 GMT[\r][\n]"
2021-04-14 18:30:36,719 DEBUG [main] wire:73 -  << "Host-Header: c2hhcmVkLmJsdWVob3N0LmNvbQ==[\r][\n]"
2021-04-14 18:30:36,720 DEBUG [main] wire:73 -  << "Pagespeed: off[\r][\n]"
2021-04-14 18:30:36,720 DEBUG [main] wire:73 -  << "Referrer-Policy: [\r][\n]"
2021-04-14 18:30:36,720 DEBUG [main] wire:73 -  << "Response: 429[\r][\n]"
2021-04-14 18:30:36,721 DEBUG [main] wire:73 -  << "Retry-After: 30[\r][\n]"
2021-04-14 18:30:36,722 DEBUG [main] wire:73 -  << "Server: nginx/1.16.0[\r][\n]"
2021-04-14 18:30:36,722 DEBUG [main] wire:73 -  << "Vary: Accept-Encoding[\r][\n]"
2021-04-14 18:30:36,723 DEBUG [main] wire:73 -  << "Vary: Accept-Encoding,Origin[\r][\n]"
2021-04-14 18:30:36,723 DEBUG [main] wire:73 -  << "X-Ezoic-Cdn: Miss[\r][\n]"
2021-04-14 18:30:36,724 DEBUG [main] wire:73 -  << "X-Middleton-Display: staticcontent_sol[\r][\n]"
2021-04-14 18:30:36,725 DEBUG [main] wire:73 -  << "X-Middleton-Response: 429[\r][\n]"
2021-04-14 18:30:36,725 DEBUG [main] wire:73 -  << "X-Ratelimit-Limit: 60[\r][\n]"
2021-04-14 18:30:36,726 DEBUG [main] wire:73 -  << "X-Ratelimit-Remaining: 53[\r][\n]"
2021-04-14 18:30:36,727 DEBUG [main] wire:73 -  << "X-Ratelimit-Reset: 1618405269[\r][\n]"
2021-04-14 18:30:36,727 DEBUG [main] wire:73 -  << "X-Sol: pub_site[\r][\n]"
2021-04-14 18:30:36,727 DEBUG [main] wire:73 -  << "Content-Length: 588[\r][\n]"
2021-04-14 18:30:36,728 DEBUG [main] wire:73 -  << "[\r][\n]"
2021-04-14 18:30:36,729 DEBUG [main] DefaultClientConnection:259 - Receiving response: HTTP/1.1 429 Too Many Requests
2021-04-14 18:30:36,730 DEBUG [main] headers:262 - << HTTP/1.1 429 Too Many Requests
2021-04-14 18:30:36,730 DEBUG [main] headers:265 - << Content-Encoding: gzip
2021-04-14 18:30:36,731 DEBUG [main] headers:265 - << Content-Type: text/html; charset=UTF-8
2021-04-14 18:30:36,731 DEBUG [main] headers:265 - << Date: Wed, 14 Apr 2021 13:00:39 GMT
2021-04-14 18:30:36,732 DEBUG [main] headers:265 - << Display: staticcontent_sol
2021-04-14 18:30:36,732 DEBUG [main] headers:265 - << Expires: Tue, 13 Apr 2021 13:00:39 GMT
2021-04-14 18:30:36,733 DEBUG [main] headers:265 - << Host-Header: c2hhcmVkLmJsdWVob3N0LmNvbQ==
2021-04-14 18:30:36,733 DEBUG [main] headers:265 - << Pagespeed: off
2021-04-14 18:30:36,734 DEBUG [main] headers:265 - << Referrer-Policy: 
2021-04-14 18:30:36,734 DEBUG [main] headers:265 - << Response: 429
2021-04-14 18:30:36,735 DEBUG [main] headers:265 - << Retry-After: 30
2021-04-14 18:30:36,735 DEBUG [main] headers:265 - << Server: nginx/1.16.0
2021-04-14 18:30:36,736 DEBUG [main] headers:265 - << Vary: Accept-Encoding
2021-04-14 18:30:36,736 DEBUG [main] headers:265 - << Vary: Accept-Encoding,Origin
2021-04-14 18:30:36,737 DEBUG [main] headers:265 - << X-Ezoic-Cdn: Miss
2021-04-14 18:30:36,737 DEBUG [main] headers:265 - << X-Middleton-Display: staticcontent_sol
2021-04-14 18:30:36,738 DEBUG [main] headers:265 - << X-Middleton-Response: 429
2021-04-14 18:30:36,738 DEBUG [main] headers:265 - << X-Ratelimit-Limit: 60
2021-04-14 18:30:36,738 DEBUG [main] headers:265 - << X-Ratelimit-Remaining: 53
2021-04-14 18:30:36,739 DEBUG [main] headers:265 - << X-Ratelimit-Reset: 1618405269
2021-04-14 18:30:36,747 DEBUG [main] headers:265 - << X-Sol: pub_site
2021-04-14 18:30:36,747 DEBUG [main] headers:265 - << Content-Length: 588
2021-04-14 18:30:36,756 DEBUG [main] DefaultHttpClient:509 - Connection can be kept alive indefinitely
2021-04-14 18:30:36,795 DEBUG [main] RequestSpecificationImpl$RestAssuredHttpBuilder:544 - Parsing response as: text/html; charset=UTF-8
2021-04-14 18:30:36,798 DEBUG [main] wire:73 -  << "[0x1f][0x8b][0x8][0x0][0x0][0x0][0x0][0x0][0x0][0xff][0x9c]UOs[0x9b]>[0x10][0xbd][0xfb]Sl[0xf4];[0xe4][0x12][0x5];[0xbf][0xd6][0x93][0x12]p[0xf][0xfd]s[0xeb][0x9f]is[0xe9]Q[0x91][0x16][0xd8]FHTZ;v;[0xfd][0xee][0x1d]L[0x12]c [0x99]Nu[0x81][0x9d][0xf7][0xf6][0xe9]iw[0x5][0xd9][0xc9][0xdb]Oo[0xae][0xbf]}~[0x7][0x15][0xd7]v5[0xcb][0xda][0x7]X[0xe5][0xca]\[0xa0][0x13][0xab][0x19][0x0]@V[0xa1]2[0xdd][0xeb]>[0xac][0x91][0x15][0xe8]J[0x85][0x88][0x9c][0x8b]5[0x17][0xf2]R[0xc]a[0xa7]j[0xcc][0xc5][0x86][0xf0][0xae][0xf1][0x81][0x5]h[0xef][0x18][0x1d][0xe7][0xe2][0x8e][0xc]W[0xb9][0xc1][\r]i[0x94][0xfb][0xe0][0xc][0xc8][0x11][0x93][0xb2]2je1_[0x88][0xd5][0xec][0xa0][0xc6][0xc4][0x16]W[0xd7][0xde][0xc3][0x7][0xe5]v[0xf0][0x5][0xac]1r[0xcc][0x92][0xe][0xe8]1O[0xa4][0x84][0xf7][0xde]q[0x4]){v,[0xb9][[0x8]hsa\[0x94]M[0xc0][0x2]YW[0x2][0xaa][0x80]E.[0x92][0xa4]hS[0xce][0xcb][0xc8][0x8a]I[0x9f]k_[0x8b]ar[0xc7][0xac][0x98][0x9b][0x98]>[0xf2][0xbd]/-[0xaa][0x86]b[0x9b][0x92][0xe8][0x18]_[0x17][0xaa]&[0xbb][0xcb]?[0xae][0x1d][0xb1][0x17][0xdd][0x96][0x91]w[0x16]c[0x85][0xc8]bh[0xf5][0xeb][0x1e]:[0xf6][0xba][0xa7][0x1f][0xe2]v[0xb5][\r]9[0x83][0x1b]ov[0xf0][0xeb][0x8]h[0xd7][0x8d][0xd2][0xb7]e[0xf0]kg[0xa4][0xf6][0xd6][0x87][0x14][0xfe]+[0x8a][0xe2]j[0xc4]{[0x0][0x97][0xff]/o[0x96][0x13]x{&[0xd9][0xf9]O[0xe1][0xb4];[0xc1][0xe9][0x19]D[0xe5][0xa2][0x8c][0x18][0xe8][0xa9][0x94];[0xa4][0xb2][0xe2][0x14][0x16][0xf3][0xf9][0x98]Q[0x1d][0xc0]M5[0x86]k[0x15]Jr)[0xc]2[0xcf][0x8e][0xc2][0xf3]bm[0xad][0xec][0xa4]&[\n]"
2021-04-14 18:30:36,799 DEBUG [main] wire:87 -  << "[0xf0][0xcc][0x1e]#![0x8b][[0xa9][0xd1]1[0x86][0x9]!e[0xa9]t[0x92][0x18][0xeb][0x98]B[0xc7][0x1a][6[0x14][0x1b][0xab]v)[0xb4]Zc[0xf8][0xfb]:2[0x15];y?[0xeb][0xd3]:C[[0x8d][0x8f][0xc4][0xe4][0x9d][0xc]XL[0xf8]z[0x80][0xd3]v[0x9e][0x14][0xd3][0x6][0x9f][0x97][0xd3][0xde][0xe0][0xd4][0xa0][0xf8]`0[0xc8][0xd0]U[0xeb][0xa2][0xd9]B[0xf4][0x96][0xcc][0x13]m[0x8d][0xf4][0x13]S[0xb8]X6[0x13][0x87]l[0x94]1[0xe4][0xca][0x14][0xe6][0xb0]x[0xd9]l[0xef][0x1f]c[0x1e][0xe3][0x96][0xe5][0xbe][0xaa]W[0x87][0x1a]cT[0xe5][0x94][0xf7][0x9e][0xa5][0xc5][0xe5][0xbf]m[0xf5][0xf0][0x96]%[0xbd][0x1b][0x96]%[0x87][0xef]Z[0xd6]^[0xb0][0xde]E4[0xb4][0x1]mU[0x8c][0xb9][0xe8][0xcf][0xcd]Q[0xb3]z[0x93])[0x8e][0xef]l?[0xbd]m[0xc8][0x0]n[0xd7][0x8b][0x8b]WG[0x19][0x89][0xa1][0xcd]j[0xf6][0xa4][0xca]}u[0x4][0xec][0xfd][0xe7][0xe2][0xb1][0xb][0x8b]y[0xb3][0xbd][0x9a][0xd0][0x1f]}0'v[0x9b][0x8][0xb3][0xa4]+D[0x96]t[0xff][0x83]?[0x1][0x0][0x0][0xff][0xff]e[0x9e][0xd3][0xfd] [0x6][0x0][0x0]"
2021-04-14 18:30:36,800 DEBUG [main] RequestSpecificationImpl$RestAssuredHttpBuilder:547 - Parsed data to instance of: class org.apache.http.conn.EofSensorInputStream
2021-04-14 18:30:39,850  INFO [main] TestBase:52 - **********stated checking statuscode**********
2021-04-14 18:30:39,851  INFO [main] TestBase:54 - statuscode is:429
